  [1m[35m (167.5ms)[0m  [1m[35mCREATE DATABASE "hw_intro_to_rails_development" ENCODING = 'unicode'[0m
  ↳ bin/rails:9
  [1m[35m (68.2ms)[0m  [1m[35mCREATE DATABASE "hw_intro_to_rails_test" ENCODING = 'unicode'[0m
  ↳ bin/rails:9
  [1m[35m (14.5ms)[0m  [1m[35mCREATE TABLE "schema_migrations" ("version" character varying NOT NULL PRIMARY KEY)[0m
  ↳ bin/rails:9
  [1m[35m (3.2ms)[0m  [1m[35mCREATE TABLE "ar_internal_metadata" ("key" character varying NOT NULL PRIMARY KEY, "value" character varying, "created_at" timestamp NOT NULL, "updated_at" timestamp NOT NULL)[0m
  ↳ bin/rails:9
  [1m[35m (0.6ms)[0m  [1m[34mSELECT pg_try_advisory_lock(7061543026630672545)[0m
  ↳ bin/rails:9
  [1m[35m (0.7ms)[0m  [1m[34mSELECT "schema_migrations"."version" FROM "schema_migrations" ORDER BY "schema_migrations"."version" ASC[0m
  ↳ bin/rails:9
Migrating to CreateHouse (20200331152439)
  [1m[35m (0.5ms)[0m  [1m[35mBEGIN[0m
  ↳ bin/rails:9
  [1m[35m (5.9ms)[0m  [1m[35mCREATE TABLE "houses" ("id" bigserial primary key, "address" character varying NOT NULL)[0m
  ↳ db/migrate/20200331152439_create_house.rb:3
  [1m[36mActiveRecord::SchemaMigration Create (0.9ms)[0m  [1m[32mINSERT INTO "schema_migrations" ("version") VALUES ($1) RETURNING "version"[0m  [["version", "20200331152439"]]
  ↳ bin/rails:9
  [1m[35m (0.3ms)[0m  [1m[35mCOMMIT[0m
  ↳ bin/rails:9
Migrating to CreatePerson (20200331153014)
  [1m[35m (0.3ms)[0m  [1m[35mBEGIN[0m
  ↳ bin/rails:9
  [1m[35m (3.9ms)[0m  [1m[35mCREATE TABLE "people" ("id" bigserial primary key, "name" character varying NOT NULL, "house_id" integer NOT NULL)[0m
  ↳ db/migrate/20200331153014_create_person.rb:3
  [1m[36mActiveRecord::SchemaMigration Create (0.3ms)[0m  [1m[32mINSERT INTO "schema_migrations" ("version") VALUES ($1) RETURNING "version"[0m  [["version", "20200331153014"]]
  ↳ bin/rails:9
  [1m[35m (0.3ms)[0m  [1m[35mCOMMIT[0m
  ↳ bin/rails:9
  [1m[36mActiveRecord::InternalMetadata Load (0.4ms)[0m  [1m[34mSELECT  "ar_internal_metadata".* FROM "ar_internal_metadata" WHERE "ar_internal_metadata"."key" = $1 LIMIT $2[0m  [["key", "environment"], ["LIMIT", 1]]
  ↳ bin/rails:9
  [1m[35m (0.1ms)[0m  [1m[35mBEGIN[0m
  ↳ bin/rails:9
  [1m[36mActiveRecord::InternalMetadata Create (1.0ms)[0m  [1m[32mINSERT INTO "ar_internal_metadata" ("key", "value", "created_at", "updated_at") VALUES ($1, $2, $3, $4) RETURNING "key"[0m  [["key", "environment"], ["value", "development"], ["created_at", "2020-03-31 15:35:27.872708"], ["updated_at", "2020-03-31 15:35:27.872708"]]
  ↳ bin/rails:9
  [1m[35m (0.3ms)[0m  [1m[35mCOMMIT[0m
  ↳ bin/rails:9
  [1m[35m (0.2ms)[0m  [1m[34mSELECT pg_advisory_unlock(7061543026630672545)[0m
  ↳ bin/rails:9
  [1m[35m (0.6ms)[0m  [1m[34mSELECT "schema_migrations"."version" FROM "schema_migrations" ORDER BY "schema_migrations"."version" ASC[0m
  ↳ bin/rails:9
  [1m[35m (0.9ms)[0m  [1m[34mSELECT "schema_migrations"."version" FROM "schema_migrations" ORDER BY "schema_migrations"."version" ASC[0m
  ↳ bin/rails:9
  [1m[35m (0.8ms)[0m  [1m[34mSELECT "schema_migrations"."version" FROM "schema_migrations" ORDER BY "schema_migrations"."version" ASC[0m
  ↳ bin/rails:9
  [1m[35m (0.1ms)[0m  [1m[35mBEGIN[0m
  ↳ db/seeds.rb:9
  [1m[36mHouse Create (0.8ms)[0m  [1m[32mINSERT INTO "houses" ("address") VALUES ($1) RETURNING "id"[0m  [["address", "100 dreamland st"]]
  ↳ db/seeds.rb:9
  [1m[35m (0.7ms)[0m  [1m[35mCOMMIT[0m
  ↳ db/seeds.rb:9
  [1m[35m (0.1ms)[0m  [1m[35mBEGIN[0m
  ↳ db/seeds.rb:10
  [1m[36mHouse Load (0.3ms)[0m  [1m[34mSELECT  "houses".* FROM "houses" WHERE "houses"."id" = $1 LIMIT $2[0m  [["id", 2], ["LIMIT", 1]]
  ↳ db/seeds.rb:10
  [1m[35m (0.5ms)[0m  [1m[31mROLLBACK[0m
  ↳ db/seeds.rb:10
  [1m[35m (0.1ms)[0m  [1m[35mBEGIN[0m
  ↳ db/seeds.rb:10
  [1m[36mHouse Load (0.3ms)[0m  [1m[34mSELECT  "houses".* FROM "houses" WHERE "houses"."id" = $1 LIMIT $2[0m  [["id", 1], ["LIMIT", 1]]
  ↳ db/seeds.rb:10
  [1m[36mPerson Create (0.7ms)[0m  [1m[32mINSERT INTO "people" ("name", "house_id") VALUES ($1, $2) RETURNING "id"[0m  [["name", "Mariel Ciprian"], ["house_id", 1]]
  ↳ db/seeds.rb:10
  [1m[35m (0.3ms)[0m  [1m[35mCOMMIT[0m
  ↳ db/seeds.rb:10
  [1m[35m (0.1ms)[0m  [1m[35mBEGIN[0m
  ↳ db/seeds.rb:10
  [1m[36mHouse Load (0.2ms)[0m  [1m[34mSELECT  "houses".* FROM "houses" WHERE "houses"."id" = $1 LIMIT $2[0m  [["id", 2], ["LIMIT", 1]]
  ↳ db/seeds.rb:10
  [1m[35m (0.1ms)[0m  [1m[31mROLLBACK[0m
  ↳ db/seeds.rb:10
  [1m[35m (0.1ms)[0m  [1m[35mBEGIN[0m
  ↳ db/seeds.rb:10
  [1m[36mHouse Load (0.2ms)[0m  [1m[34mSELECT  "houses".* FROM "houses" WHERE "houses"."id" = $1 LIMIT $2[0m  [["id", 2], ["LIMIT", 1]]
  ↳ db/seeds.rb:10
  [1m[35m (0.1ms)[0m  [1m[31mROLLBACK[0m
  ↳ db/seeds.rb:10
  [1m[35m (0.1ms)[0m  [1m[35mBEGIN[0m
  ↳ db/seeds.rb:10
  [1m[36mHouse Load (0.2ms)[0m  [1m[34mSELECT  "houses".* FROM "houses" WHERE "houses"."id" = $1 LIMIT $2[0m  [["id", 1], ["LIMIT", 1]]
  ↳ db/seeds.rb:10
  [1m[36mPerson Create (0.3ms)[0m  [1m[32mINSERT INTO "people" ("name", "house_id") VALUES ($1, $2) RETURNING "id"[0m  [["name", "Felix Reynoso"], ["house_id", 1]]
  ↳ db/seeds.rb:10
  [1m[35m (0.3ms)[0m  [1m[35mCOMMIT[0m
  ↳ db/seeds.rb:10
  [1m[36mHouse Load (0.7ms)[0m  [1m[34mSELECT "houses".* FROM "houses"[0m
  [1m[36mPerson Load (0.9ms)[0m  [1m[34mSELECT "people".* FROM "people"[0m
  [1m[36mPerson Load (0.4ms)[0m  [1m[34mSELECT "people".* FROM "people"[0m
  [1m[36mPerson Load (0.3ms)[0m  [1m[34mSELECT "people".* FROM "people"[0m
  [1m[35m (0.1ms)[0m  [1m[35mBEGIN[0m
  [1m[36mPerson Destroy (0.6ms)[0m  [1m[31mDELETE FROM "people" WHERE "people"."id" = $1[0m  [["id", 1]]
  [1m[35m (1.1ms)[0m  [1m[35mCOMMIT[0m
  [1m[35m (0.1ms)[0m  [1m[35mBEGIN[0m
  [1m[36mPerson Destroy (0.4ms)[0m  [1m[31mDELETE FROM "people" WHERE "people"."id" = $1[0m  [["id", 2]]
  [1m[35m (0.2ms)[0m  [1m[35mCOMMIT[0m
  [1m[36mPerson Load (0.4ms)[0m  [1m[34mSELECT "people".* FROM "people"[0m
  [1m[36mHouse Load (0.4ms)[0m  [1m[34mSELECT "houses".* FROM "houses"[0m
  [1m[36mHouse Load (0.3ms)[0m  [1m[34mSELECT  "houses".* FROM "houses" ORDER BY "houses"."id" ASC LIMIT $1[0m  [["LIMIT", 1]]
  [1m[35m (0.1ms)[0m  [1m[35mBEGIN[0m
  [1m[36mHouse Destroy (0.3ms)[0m  [1m[31mDELETE FROM "houses" WHERE "houses"."id" = $1[0m  [["id", 1]]
  [1m[35m (1.1ms)[0m  [1m[35mCOMMIT[0m
  [1m[36mHouse Load (0.4ms)[0m  [1m[34mSELECT "houses".* FROM "houses"[0m
  [1m[36mPerson Load (0.5ms)[0m  [1m[34mSELECT "people".* FROM "people"[0m
  [1m[35m (0.9ms)[0m  [1m[34mSELECT "schema_migrations"."version" FROM "schema_migrations" ORDER BY "schema_migrations"."version" ASC[0m
  ↳ bin/rails:9
  [1m[35m (0.1ms)[0m  [1m[35mBEGIN[0m
  ↳ db/seeds.rb:9
  [1m[36mHouse Create (0.6ms)[0m  [1m[32mINSERT INTO "houses" ("address") VALUES ($1) RETURNING "id"[0m  [["address", "Calle caracol 13"]]
  ↳ db/seeds.rb:9
  [1m[35m (1.4ms)[0m  [1m[35mCOMMIT[0m
  ↳ db/seeds.rb:9
  [1m[35m (0.1ms)[0m  [1m[35mBEGIN[0m
  ↳ db/seeds.rb:9
  [1m[36mHouse Create (0.3ms)[0m  [1m[32mINSERT INTO "houses" ("address") VALUES ($1) RETURNING "id"[0m  [["address", "100 dreamland st"]]
  ↳ db/seeds.rb:9
  [1m[35m (0.3ms)[0m  [1m[35mCOMMIT[0m
  ↳ db/seeds.rb:9
  [1m[35m (0.1ms)[0m  [1m[35mBEGIN[0m
  ↳ db/seeds.rb:12
  [1m[36mHouse Load (0.3ms)[0m  [1m[34mSELECT  "houses".* FROM "houses" WHERE "houses"."id" = $1 LIMIT $2[0m  [["id", 2], ["LIMIT", 1]]
  ↳ db/seeds.rb:12
  [1m[36mPerson Create (0.4ms)[0m  [1m[32mINSERT INTO "people" ("name", "house_id") VALUES ($1, $2) RETURNING "id"[0m  [["name", "Will Smith"], ["house_id", 2]]
  ↳ db/seeds.rb:12
  [1m[35m (0.3ms)[0m  [1m[35mCOMMIT[0m
  ↳ db/seeds.rb:12
  [1m[35m (0.1ms)[0m  [1m[35mBEGIN[0m
  ↳ db/seeds.rb:12
  [1m[36mHouse Load (0.2ms)[0m  [1m[34mSELECT  "houses".* FROM "houses" WHERE "houses"."id" = $1 LIMIT $2[0m  [["id", 1], ["LIMIT", 1]]
  ↳ db/seeds.rb:12
  [1m[35m (0.2ms)[0m  [1m[31mROLLBACK[0m
  ↳ db/seeds.rb:12
  [1m[35m (0.1ms)[0m  [1m[35mBEGIN[0m
  ↳ db/seeds.rb:12
  [1m[36mHouse Load (0.2ms)[0m  [1m[34mSELECT  "houses".* FROM "houses" WHERE "houses"."id" = $1 LIMIT $2[0m  [["id", 2], ["LIMIT", 1]]
  ↳ db/seeds.rb:12
  [1m[36mPerson Create (0.3ms)[0m  [1m[32mINSERT INTO "people" ("name", "house_id") VALUES ($1, $2) RETURNING "id"[0m  [["name", "Elon Musk"], ["house_id", 2]]
  ↳ db/seeds.rb:12
  [1m[35m (0.3ms)[0m  [1m[35mCOMMIT[0m
  ↳ db/seeds.rb:12
  [1m[35m (0.1ms)[0m  [1m[35mBEGIN[0m
  ↳ db/seeds.rb:12
  [1m[36mHouse Load (0.3ms)[0m  [1m[34mSELECT  "houses".* FROM "houses" WHERE "houses"."id" = $1 LIMIT $2[0m  [["id", 2], ["LIMIT", 1]]
  ↳ db/seeds.rb:12
  [1m[36mPerson Create (0.2ms)[0m  [1m[32mINSERT INTO "people" ("name", "house_id") VALUES ($1, $2) RETURNING "id"[0m  [["name", "Bill Gates"], ["house_id", 2]]
  ↳ db/seeds.rb:12
  [1m[35m (0.3ms)[0m  [1m[35mCOMMIT[0m
  ↳ db/seeds.rb:12
  [1m[35m (0.1ms)[0m  [1m[35mBEGIN[0m
  ↳ db/seeds.rb:12
  [1m[36mHouse Load (0.2ms)[0m  [1m[34mSELECT  "houses".* FROM "houses" WHERE "houses"."id" = $1 LIMIT $2[0m  [["id", 1], ["LIMIT", 1]]
  ↳ db/seeds.rb:12
  [1m[35m (0.1ms)[0m  [1m[31mROLLBACK[0m
  ↳ db/seeds.rb:12
  [1m[36mPerson Load (0.7ms)[0m  [1m[34mSELECT "people".* FROM "people"[0m
  [1m[36mHouse Load (0.7ms)[0m  [1m[34mSELECT "houses".* FROM "houses"[0m
  [1m[36mPerson Load (0.4ms)[0m  [1m[34mSELECT "people".* FROM "people"[0m
  [1m[36mHouse Load (0.4ms)[0m  [1m[34mSELECT "houses".* FROM "houses"[0m
  [1m[35m (0.2ms)[0m  [1m[35mBEGIN[0m
  [1m[36mHouse Load (0.3ms)[0m  [1m[34mSELECT  "houses".* FROM "houses" WHERE "houses"."id" = $1 LIMIT $2[0m  [["id", 2], ["LIMIT", 1]]
  [1m[36mPerson Create (0.5ms)[0m  [1m[32mINSERT INTO "people" ("name", "house_id") VALUES ($1, $2) RETURNING "id"[0m  [["name", "Felix Reynoso"], ["house_id", 2]]
  [1m[35m (1.1ms)[0m  [1m[35mCOMMIT[0m
  [1m[35m (0.2ms)[0m  [1m[35mBEGIN[0m
  [1m[36mHouse Load (0.3ms)[0m  [1m[34mSELECT  "houses".* FROM "houses" WHERE "houses"."id" = $1 LIMIT $2[0m  [["id", 2], ["LIMIT", 1]]
  [1m[36mPerson Create (0.3ms)[0m  [1m[32mINSERT INTO "people" ("name", "house_id") VALUES ($1, $2) RETURNING "id"[0m  [["name", "Mariel Ciprian"], ["house_id", 2]]
  [1m[35m (0.3ms)[0m  [1m[35mCOMMIT[0m
  [1m[36mPerson Load (0.5ms)[0m  [1m[34mSELECT "people".* FROM "people"[0m
  [1m[36mPerson Load (0.8ms)[0m  [1m[34mSELECT "people".* FROM "people"[0m
  [1m[36mHouse Load (0.4ms)[0m  [1m[34mSELECT "houses".* FROM "houses"[0m
  [1m[36mPerson Load (0.7ms)[0m  [1m[34mSELECT "people".* FROM "people"[0m
  [1m[36mHouse Load (0.4ms)[0m  [1m[34mSELECT  "houses".* FROM "houses" ORDER BY "houses"."id" ASC LIMIT $1[0m  [["LIMIT", 1]]
  [1m[36mPerson Load (0.2ms)[0m  [1m[34mSELECT "people".* FROM "people" WHERE "people"."house_id" = $1[0m  [["house_id", 2]]
  [1m[36mPerson Load (0.7ms)[0m  [1m[34mSELECT "people".* FROM "people"[0m
  [1m[36mPerson Load (2.2ms)[0m  [1m[34mSELECT  "people".* FROM "people" WHERE "people"."name" = $1 LIMIT $2[0m  [["name", "Felix Reynoso"], ["LIMIT", 1]]
  [1m[36mHouse Load (0.5ms)[0m  [1m[34mSELECT "houses".* FROM "houses"[0m
  [1m[36mHouse Load (0.4ms)[0m  [1m[34mSELECT "houses".* FROM "houses"[0m
  [1m[36mPerson Load (0.7ms)[0m  [1m[34mSELECT "people".* FROM "people"[0m
  [1m[35m (0.2ms)[0m  [1m[35mBEGIN[0m
  [1m[36mHouse Load (0.3ms)[0m  [1m[34mSELECT  "houses".* FROM "houses" WHERE "houses"."id" = $1 LIMIT $2[0m  [["id", 3], ["LIMIT", 1]]
  [1m[36mPerson Update (0.8ms)[0m  [1m[33mUPDATE "people" SET "house_id" = $1 WHERE "people"."id" = $2[0m  [["house_id", 3], ["id", 6]]
  [1m[35m (0.3ms)[0m  [1m[35mCOMMIT[0m
  [1m[36mPerson Load (0.4ms)[0m  [1m[34mSELECT  "people".* FROM "people" ORDER BY "people"."id" DESC LIMIT $1[0m  [["LIMIT", 1]]
  [1m[35m (0.2ms)[0m  [1m[35mBEGIN[0m
  [1m[36mHouse Load (0.7ms)[0m  [1m[34mSELECT  "houses".* FROM "houses" WHERE "houses"."id" = $1 LIMIT $2[0m  [["id", 3], ["LIMIT", 1]]
  [1m[36mPerson Update (0.5ms)[0m  [1m[33mUPDATE "people" SET "house_id" = $1 WHERE "people"."id" = $2[0m  [["house_id", 3], ["id", 7]]
  [1m[35m (1.3ms)[0m  [1m[35mCOMMIT[0m
  [1m[36mPerson Load (0.5ms)[0m  [1m[34mSELECT "people".* FROM "people"[0m
  [1m[36mHouse Load (0.3ms)[0m  [1m[34mSELECT "houses".* FROM "houses"[0m
  [1m[36mPerson Load (0.2ms)[0m  [1m[34mSELECT  "people".* FROM "people" ORDER BY "people"."id" ASC LIMIT $1[0m  [["LIMIT", 1]]
  [1m[36mHouse Load (0.4ms)[0m  [1m[34mSELECT  "houses".* FROM "houses" WHERE "houses"."id" = $1 LIMIT $2[0m  [["id", 2], ["LIMIT", 1]]
  [1m[36mPerson Load (0.7ms)[0m  [1m[34mSELECT "people".* FROM "people"[0m
  [1m[36mPerson Load (1.5ms)[0m  [1m[34mSELECT  "people".* FROM "people" ORDER BY "people"."id" DESC LIMIT $1[0m  [["LIMIT", 1]]
Started POST "/" for ::1 at 2020-04-01 15:17:01 -0400
  [1m[35m (1.4ms)[0m  [1m[34mSELECT "schema_migrations"."version" FROM "schema_migrations" ORDER BY "schema_migrations"."version" ASC[0m
  ↳ /Users/engfelixreynoso/.rbenv/versions/2.5.1/lib/ruby/gems/2.5.0/gems/activerecord-5.2.4.2/lib/active_record/log_subscriber.rb:98
  
ActionController::RoutingError (No route matches [POST] "/"):
  
actionpack (5.2.4.2) lib/action_dispatch/middleware/debug_exceptions.rb:65:in `call'
web-console (3.7.0) lib/web_console/middleware.rb:135:in `call_app'
web-console (3.7.0) lib/web_console/middleware.rb:30:in `block in call'
web-console (3.7.0) lib/web_console/middleware.rb:20:in `catch'
web-console (3.7.0) lib/web_console/middleware.rb:20:in `call'
actionpack (5.2.4.2) lib/action_dispatch/middleware/show_exceptions.rb:33:in `call'
railties (5.2.4.2) lib/rails/rack/logger.rb:38:in `call_app'
railties (5.2.4.2) lib/rails/rack/logger.rb:26:in `block in call'
activesupport (5.2.4.2) lib/active_support/tagged_logging.rb:71:in `block in tagged'
activesupport (5.2.4.2) lib/active_support/tagged_logging.rb:28:in `tagged'
activesupport (5.2.4.2) lib/active_support/tagged_logging.rb:71:in `tagged'
railties (5.2.4.2) lib/rails/rack/logger.rb:26:in `call'
sprockets-rails (3.2.1) lib/sprockets/rails/quiet_assets.rb:13:in `call'
actionpack (5.2.4.2) lib/action_dispatch/middleware/remote_ip.rb:81:in `call'
actionpack (5.2.4.2) lib/action_dispatch/middleware/request_id.rb:27:in `call'
rack (2.2.2) lib/rack/method_override.rb:24:in `call'
rack (2.2.2) lib/rack/runtime.rb:22:in `call'
activesupport (5.2.4.2) lib/active_support/cache/strategy/local_cache_middleware.rb:29:in `call'
actionpack (5.2.4.2) lib/action_dispatch/middleware/executor.rb:14:in `call'
actionpack (5.2.4.2) lib/action_dispatch/middleware/static.rb:127:in `call'
rack (2.2.2) lib/rack/sendfile.rb:110:in `call'
railties (5.2.4.2) lib/rails/engine.rb:524:in `call'
puma (3.12.4) lib/puma/configuration.rb:227:in `call'
puma (3.12.4) lib/puma/server.rb:675:in `handle_request'
puma (3.12.4) lib/puma/server.rb:476:in `process_client'
puma (3.12.4) lib/puma/server.rb:334:in `block in run'
puma (3.12.4) lib/puma/thread_pool.rb:135:in `block in spawn_thread'
Started GET "/" for ::1 at 2020-04-01 15:17:11 -0400
Processing by Rails::WelcomeController#index as */*
  Rendering /Users/engfelixreynoso/.rbenv/versions/2.5.1/lib/ruby/gems/2.5.0/gems/railties-5.2.4.2/lib/rails/templates/rails/welcome/index.html.erb
  Rendered /Users/engfelixreynoso/.rbenv/versions/2.5.1/lib/ruby/gems/2.5.0/gems/railties-5.2.4.2/lib/rails/templates/rails/welcome/index.html.erb (2.0ms)
Completed 200 OK in 112ms (Views: 55.9ms | ActiveRecord: 0.0ms)


Started GET "/users" for ::1 at 2020-04-01 15:17:22 -0400
Processing by UsersController#index as */*
No template found for UsersController#index, rendering head :no_content
Completed 204 No Content in 272ms (ActiveRecord: 0.0ms)


Started GET "/users" for ::1 at 2020-04-01 15:17:39 -0400
Processing by UsersController#index as */*
  [1m[36mPerson Load (0.7ms)[0m  [1m[34mSELECT "people".* FROM "people"[0m
  ↳ app/controllers/users_controller.rb:3
Completed 200 OK in 18ms (Views: 7.9ms | ActiveRecord: 7.2ms)


Started POST "/users" for ::1 at 2020-04-01 15:18:27 -0400
Processing by UsersController#create as */*
Can't verify CSRF token authenticity.
Completed 422 Unprocessable Entity in 1ms (ActiveRecord: 0.0ms)


  
ActionController::InvalidAuthenticityToken (ActionController::InvalidAuthenticityToken):
  
actionpack (5.2.4.2) lib/action_controller/metal/request_forgery_protection.rb:211:in `handle_unverified_request'
actionpack (5.2.4.2) lib/action_controller/metal/request_forgery_protection.rb:243:in `handle_unverified_request'
actionpack (5.2.4.2) lib/action_controller/metal/request_forgery_protection.rb:238:in `verify_authenticity_token'
activesupport (5.2.4.2) lib/active_support/callbacks.rb:426:in `block in make_lambda'
activesupport (5.2.4.2) lib/active_support/callbacks.rb:198:in `block (2 levels) in halting'
actionpack (5.2.4.2) lib/abstract_controller/callbacks.rb:34:in `block (2 levels) in <module:Callbacks>'
activesupport (5.2.4.2) lib/active_support/callbacks.rb:199:in `block in halting'
activesupport (5.2.4.2) lib/active_support/callbacks.rb:513:in `block in invoke_before'
activesupport (5.2.4.2) lib/active_support/callbacks.rb:513:in `each'
activesupport (5.2.4.2) lib/active_support/callbacks.rb:513:in `invoke_before'
activesupport (5.2.4.2) lib/active_support/callbacks.rb:131:in `run_callbacks'
actionpack (5.2.4.2) lib/abstract_controller/callbacks.rb:41:in `process_action'
actionpack (5.2.4.2) lib/action_controller/metal/rescue.rb:22:in `process_action'
actionpack (5.2.4.2) lib/action_controller/metal/instrumentation.rb:34:in `block in process_action'
activesupport (5.2.4.2) lib/active_support/notifications.rb:168:in `block in instrument'
activesupport (5.2.4.2) lib/active_support/notifications/instrumenter.rb:23:in `instrument'
activesupport (5.2.4.2) lib/active_support/notifications.rb:168:in `instrument'
actionpack (5.2.4.2) lib/action_controller/metal/instrumentation.rb:32:in `process_action'
actionpack (5.2.4.2) lib/action_controller/metal/params_wrapper.rb:256:in `process_action'
activerecord (5.2.4.2) lib/active_record/railties/controller_runtime.rb:24:in `process_action'
actionpack (5.2.4.2) lib/abstract_controller/base.rb:134:in `process'
actionview (5.2.4.2) lib/action_view/rendering.rb:32:in `process'
actionpack (5.2.4.2) lib/action_controller/metal.rb:191:in `dispatch'
actionpack (5.2.4.2) lib/action_controller/metal.rb:252:in `dispatch'
actionpack (5.2.4.2) lib/action_dispatch/routing/route_set.rb:52:in `dispatch'
actionpack (5.2.4.2) lib/action_dispatch/routing/route_set.rb:34:in `serve'
actionpack (5.2.4.2) lib/action_dispatch/journey/router.rb:52:in `block in serve'
actionpack (5.2.4.2) lib/action_dispatch/journey/router.rb:35:in `each'
actionpack (5.2.4.2) lib/action_dispatch/journey/router.rb:35:in `serve'
actionpack (5.2.4.2) lib/action_dispatch/routing/route_set.rb:840:in `call'
rack (2.2.2) lib/rack/tempfile_reaper.rb:15:in `call'
rack (2.2.2) lib/rack/etag.rb:27:in `call'
rack (2.2.2) lib/rack/conditional_get.rb:40:in `call'
rack (2.2.2) lib/rack/head.rb:12:in `call'
actionpack (5.2.4.2) lib/action_dispatch/http/content_security_policy.rb:18:in `call'
rack (2.2.2) lib/rack/session/abstract/id.rb:266:in `context'
rack (2.2.2) lib/rack/session/abstract/id.rb:260:in `call'
actionpack (5.2.4.2) lib/action_dispatch/middleware/cookies.rb:670:in `call'
activerecord (5.2.4.2) lib/active_record/migration.rb:559:in `call'
actionpack (5.2.4.2) lib/action_dispatch/middleware/callbacks.rb:28:in `block in call'
activesupport (5.2.4.2) lib/active_support/callbacks.rb:98:in `run_callbacks'
actionpack (5.2.4.2) lib/action_dispatch/middleware/callbacks.rb:26:in `call'
actionpack (5.2.4.2) lib/action_dispatch/middleware/executor.rb:14:in `call'
actionpack (5.2.4.2) lib/action_dispatch/middleware/debug_exceptions.rb:61:in `call'
web-console (3.7.0) lib/web_console/middleware.rb:135:in `call_app'
web-console (3.7.0) lib/web_console/middleware.rb:30:in `block in call'
web-console (3.7.0) lib/web_console/middleware.rb:20:in `catch'
web-console (3.7.0) lib/web_console/middleware.rb:20:in `call'
actionpack (5.2.4.2) lib/action_dispatch/middleware/show_exceptions.rb:33:in `call'
railties (5.2.4.2) lib/rails/rack/logger.rb:38:in `call_app'
railties (5.2.4.2) lib/rails/rack/logger.rb:26:in `block in call'
activesupport (5.2.4.2) lib/active_support/tagged_logging.rb:71:in `block in tagged'
activesupport (5.2.4.2) lib/active_support/tagged_logging.rb:28:in `tagged'
activesupport (5.2.4.2) lib/active_support/tagged_logging.rb:71:in `tagged'
railties (5.2.4.2) lib/rails/rack/logger.rb:26:in `call'
sprockets-rails (3.2.1) lib/sprockets/rails/quiet_assets.rb:13:in `call'
actionpack (5.2.4.2) lib/action_dispatch/middleware/remote_ip.rb:81:in `call'
actionpack (5.2.4.2) lib/action_dispatch/middleware/request_id.rb:27:in `call'
rack (2.2.2) lib/rack/method_override.rb:24:in `call'
rack (2.2.2) lib/rack/runtime.rb:22:in `call'
activesupport (5.2.4.2) lib/active_support/cache/strategy/local_cache_middleware.rb:29:in `call'
actionpack (5.2.4.2) lib/action_dispatch/middleware/executor.rb:14:in `call'
actionpack (5.2.4.2) lib/action_dispatch/middleware/static.rb:127:in `call'
rack (2.2.2) lib/rack/sendfile.rb:110:in `call'
railties (5.2.4.2) lib/rails/engine.rb:524:in `call'
puma (3.12.4) lib/puma/configuration.rb:227:in `call'
puma (3.12.4) lib/puma/server.rb:675:in `handle_request'
puma (3.12.4) lib/puma/server.rb:476:in `process_client'
puma (3.12.4) lib/puma/server.rb:334:in `block in run'
puma (3.12.4) lib/puma/thread_pool.rb:135:in `block in spawn_thread'
Started POST "/users" for ::1 at 2020-04-01 15:19:31 -0400
Processing by UsersController#create as */*
Can't verify CSRF token authenticity.
  Rendering text template
  Rendered text template (0.0ms)
Completed 200 OK in 3ms (Views: 1.6ms | ActiveRecord: 0.0ms)


Started POST "/users?name=Jeff%20Bezos&house_id=2" for ::1 at 2020-04-01 15:46:49 -0400
Processing by UsersController#create as */*
  Parameters: {"name"=>"Jeff Bezos", "house_id"=>"2"}
Can't verify CSRF token authenticity.
Completed 500 Internal Server Error in 3ms (ActiveRecord: 0.0ms)


  
ArgumentError (wrong number of arguments (given 2, expected 0..1)):
  
app/controllers/users_controller.rb:10:in `create'
Started POST "/users?name=Jeff%20Bezos&house_id=2" for ::1 at 2020-04-01 15:47:28 -0400
Processing by UsersController#create as */*
  Parameters: {"name"=>"Jeff Bezos", "house_id"=>"2"}
Can't verify CSRF token authenticity.
  [1m[35m (0.1ms)[0m  [1m[35mBEGIN[0m
  ↳ app/controllers/users_controller.rb:13
  [1m[36mHouse Load (0.8ms)[0m  [1m[34mSELECT  "houses".* FROM "houses" WHERE "houses"."id" = $1 LIMIT $2[0m  [["id", 2], ["LIMIT", 1]]
  ↳ app/controllers/users_controller.rb:13
  [1m[36mPerson Create (1.2ms)[0m  [1m[32mINSERT INTO "people" ("name", "house_id") VALUES ($1, $2) RETURNING "id"[0m  [["name", "Jeff Bezos"], ["house_id", 2]]
  ↳ app/controllers/users_controller.rb:13
  [1m[35m (0.4ms)[0m  [1m[35mCOMMIT[0m
  ↳ app/controllers/users_controller.rb:13
Completed 200 OK in 48ms (Views: 0.3ms | ActiveRecord: 20.4ms)


Started GET "/users/" for ::1 at 2020-04-01 15:48:31 -0400
Processing by UsersController#index as */*
  [1m[36mPerson Load (0.5ms)[0m  [1m[34mSELECT "people".* FROM "people"[0m
  ↳ app/controllers/users_controller.rb:5
Completed 200 OK in 3ms (Views: 1.6ms | ActiveRecord: 0.5ms)


Started GET "/users/8" for ::1 at 2020-04-01 15:48:52 -0400
  
AbstractController::ActionNotFound (The action 'show' could not be found for UsersController):
  
actionpack (5.2.4.2) lib/abstract_controller/base.rb:129:in `process'
actionview (5.2.4.2) lib/action_view/rendering.rb:32:in `process'
actionpack (5.2.4.2) lib/action_controller/metal.rb:191:in `dispatch'
actionpack (5.2.4.2) lib/action_controller/metal.rb:252:in `dispatch'
actionpack (5.2.4.2) lib/action_dispatch/routing/route_set.rb:52:in `dispatch'
actionpack (5.2.4.2) lib/action_dispatch/routing/route_set.rb:34:in `serve'
actionpack (5.2.4.2) lib/action_dispatch/journey/router.rb:52:in `block in serve'
actionpack (5.2.4.2) lib/action_dispatch/journey/router.rb:35:in `each'
actionpack (5.2.4.2) lib/action_dispatch/journey/router.rb:35:in `serve'
actionpack (5.2.4.2) lib/action_dispatch/routing/route_set.rb:840:in `call'
rack (2.2.2) lib/rack/tempfile_reaper.rb:15:in `call'
rack (2.2.2) lib/rack/etag.rb:27:in `call'
rack (2.2.2) lib/rack/conditional_get.rb:27:in `call'
rack (2.2.2) lib/rack/head.rb:12:in `call'
actionpack (5.2.4.2) lib/action_dispatch/http/content_security_policy.rb:18:in `call'
rack (2.2.2) lib/rack/session/abstract/id.rb:266:in `context'
rack (2.2.2) lib/rack/session/abstract/id.rb:260:in `call'
actionpack (5.2.4.2) lib/action_dispatch/middleware/cookies.rb:670:in `call'
activerecord (5.2.4.2) lib/active_record/migration.rb:559:in `call'
actionpack (5.2.4.2) lib/action_dispatch/middleware/callbacks.rb:28:in `block in call'
activesupport (5.2.4.2) lib/active_support/callbacks.rb:98:in `run_callbacks'
actionpack (5.2.4.2) lib/action_dispatch/middleware/callbacks.rb:26:in `call'
actionpack (5.2.4.2) lib/action_dispatch/middleware/executor.rb:14:in `call'
actionpack (5.2.4.2) lib/action_dispatch/middleware/debug_exceptions.rb:61:in `call'
web-console (3.7.0) lib/web_console/middleware.rb:135:in `call_app'
web-console (3.7.0) lib/web_console/middleware.rb:30:in `block in call'
web-console (3.7.0) lib/web_console/middleware.rb:20:in `catch'
web-console (3.7.0) lib/web_console/middleware.rb:20:in `call'
actionpack (5.2.4.2) lib/action_dispatch/middleware/show_exceptions.rb:33:in `call'
railties (5.2.4.2) lib/rails/rack/logger.rb:38:in `call_app'
railties (5.2.4.2) lib/rails/rack/logger.rb:26:in `block in call'
activesupport (5.2.4.2) lib/active_support/tagged_logging.rb:71:in `block in tagged'
activesupport (5.2.4.2) lib/active_support/tagged_logging.rb:28:in `tagged'
activesupport (5.2.4.2) lib/active_support/tagged_logging.rb:71:in `tagged'
railties (5.2.4.2) lib/rails/rack/logger.rb:26:in `call'
sprockets-rails (3.2.1) lib/sprockets/rails/quiet_assets.rb:13:in `call'
actionpack (5.2.4.2) lib/action_dispatch/middleware/remote_ip.rb:81:in `call'
actionpack (5.2.4.2) lib/action_dispatch/middleware/request_id.rb:27:in `call'
rack (2.2.2) lib/rack/method_override.rb:24:in `call'
rack (2.2.2) lib/rack/runtime.rb:22:in `call'
activesupport (5.2.4.2) lib/active_support/cache/strategy/local_cache_middleware.rb:29:in `call'
actionpack (5.2.4.2) lib/action_dispatch/middleware/executor.rb:14:in `call'
actionpack (5.2.4.2) lib/action_dispatch/middleware/static.rb:127:in `call'
rack (2.2.2) lib/rack/sendfile.rb:110:in `call'
railties (5.2.4.2) lib/rails/engine.rb:524:in `call'
puma (3.12.4) lib/puma/configuration.rb:227:in `call'
puma (3.12.4) lib/puma/server.rb:675:in `handle_request'
puma (3.12.4) lib/puma/server.rb:476:in `process_client'
puma (3.12.4) lib/puma/server.rb:334:in `block in run'
puma (3.12.4) lib/puma/thread_pool.rb:135:in `block in spawn_thread'
Started GET "/users/8" for ::1 at 2020-04-01 15:49:39 -0400
Processing by UsersController#show as */*
  Parameters: {"id"=>"8"}
  [1m[36mPerson Load (0.2ms)[0m  [1m[34mSELECT  "people".* FROM "people" WHERE "people"."id" = $1 LIMIT $2[0m  [["id", 8], ["LIMIT", 1]]
  ↳ app/controllers/users_controller.rb:9
No template found for UsersController#show, rendering head :no_content
Completed 204 No Content in 284ms (ActiveRecord: 7.3ms)


  [1m[36mPerson Load (0.5ms)[0m  [1m[34mSELECT  "people".* FROM "people" WHERE "people"."id" = $1 LIMIT $2[0m  [["id", 8], ["LIMIT", 1]]
Started GET "/users/8" for ::1 at 2020-04-01 15:50:30 -0400
Processing by UsersController#show as */*
  Parameters: {"id"=>"8"}
Completed 200 OK in 1ms (Views: 0.2ms | ActiveRecord: 0.0ms)


Started GET "/users/8" for ::1 at 2020-04-01 15:50:51 -0400
Processing by UsersController#show as */*
  Parameters: {"id"=>"8"}
Completed 200 OK in 1ms (Views: 0.2ms | ActiveRecord: 0.0ms)


Started GET "/users/8" for ::1 at 2020-04-01 15:51:00 -0400
Processing by UsersController#show as */*
  Parameters: {"id"=>"8"}
Completed 500 Internal Server Error in 174ms (ActiveRecord: 0.0ms)


  
NameError (undefined local variable or method `id' for #<UsersController:0x00007f97116cec88>):
  
app/controllers/users_controller.rb:9:in `show'
Started GET "/users/8" for ::1 at 2020-04-01 15:51:14 -0400
Processing by UsersController#show as */*
  Parameters: {"id"=>"8"}
  [1m[36mPerson Load (0.3ms)[0m  [1m[34mSELECT  "people".* FROM "people" WHERE "people"."id" = $1 LIMIT $2[0m  [["id", 8], ["LIMIT", 1]]
  ↳ app/controllers/users_controller.rb:9
No template found for UsersController#show, rendering head :no_content
Completed 204 No Content in 287ms (ActiveRecord: 6.1ms)


Started GET "/users/8" for ::1 at 2020-04-01 15:51:41 -0400
Processing by UsersController#show as */*
  Parameters: {"id"=>"8"}
  [1m[36mPerson Load (0.4ms)[0m  [1m[34mSELECT  "people".* FROM "people" WHERE "people"."id" = $1 LIMIT $2[0m  [["id", 8], ["LIMIT", 1]]
  ↳ app/controllers/users_controller.rb:9
Completed 500 Internal Server Error in 63ms (ActiveRecord: 7.0ms)


  
ActionView::MissingTemplate (Missing partial people/_person with {:locale=>[:en], :formats=>[:html, :text, :js, :css, :ics, :csv, :vcf, :vtt, :png, :jpeg, :gif, :bmp, :tiff, :svg, :mpeg, :mp3, :ogg, :m4a, :webm, :mp4, :otf, :ttf, :woff, :woff2, :xml, :rss, :atom, :yaml, :multipart_form, :url_encoded_form, :json, :pdf, :zip, :gzip], :variants=>[], :handlers=>[:raw, :erb, :html, :builder, :ruby, :coffee, :jbuilder]}. Searched in:
  * "/Users/engfelixreynoso/Desktop/felixU/courses/engineering/4.full_stack_web_dev/app_academy_bootcamp/sql_module/active_record/hw_intro_to_rails/app/views"
):
  
app/controllers/users_controller.rb:9:in `show'
Started GET "/users/8" for ::1 at 2020-04-01 15:51:50 -0400
  
SyntaxError (/Users/engfelixreynoso/Desktop/felixU/courses/engineering/4.full_stack_web_dev/app_academy_bootcamp/sql_module/active_record/hw_intro_to_rails/app/controllers/users_controller.rb:9: syntax error, unexpected ( arg, expecting keyword_end
...     render json: Person.find (params["id"])
...                              ^):
  
app/controllers/users_controller.rb:9: syntax error, unexpected ( arg, expecting keyword_end
Started GET "/users/8" for ::1 at 2020-04-01 15:52:05 -0400
Processing by UsersController#show as */*
  Parameters: {"id"=>"8"}
  [1m[36mPerson Load (0.3ms)[0m  [1m[34mSELECT  "people".* FROM "people" WHERE "people"."id" = $1 LIMIT $2[0m  [["id", 8], ["LIMIT", 1]]
  ↳ app/controllers/users_controller.rb:9
Completed 200 OK in 15ms (Views: 0.3ms | ActiveRecord: 5.8ms)


Started GET "/users" for ::1 at 2020-04-01 16:23:09 -0400
  [1m[35m (0.8ms)[0m  [1m[34mSELECT "schema_migrations"."version" FROM "schema_migrations" ORDER BY "schema_migrations"."version" ASC[0m
  ↳ /Users/engfelixreynoso/.rbenv/versions/2.5.1/lib/ruby/gems/2.5.0/gems/activerecord-5.2.4.2/lib/active_record/log_subscriber.rb:98
Processing by UsersController#index as */*
  [1m[36mPerson Load (0.7ms)[0m  [1m[34mSELECT "people".* FROM "people"[0m
  ↳ app/controllers/users_controller.rb:5
Completed 200 OK in 26ms (Views: 8.0ms | ActiveRecord: 7.0ms)


Started GET "/users" for ::1 at 2020-04-01 16:23:36 -0400
Processing by UsersController#index as */*
  [1m[36mPerson Load (0.4ms)[0m  [1m[34mSELECT "people".* FROM "people"[0m
  ↳ app/controllers/users_controller.rb:5
Completed 200 OK in 11ms (Views: 3.6ms | ActiveRecord: 5.3ms)


Started GET "/users" for ::1 at 2020-04-01 16:25:29 -0400
Processing by UsersController#index as */*
  [1m[36mPerson Load (0.3ms)[0m  [1m[34mSELECT "people".* FROM "people"[0m
  ↳ app/controllers/users_controller.rb:5
Completed 200 OK in 12ms (Views: 3.7ms | ActiveRecord: 5.5ms)


  [1m[36mPerson Load (0.6ms)[0m  [1m[34mSELECT "people".* FROM "people"[0m
Started GET "/users" for ::1 at 2020-04-01 19:50:15 -0400
Processing by UsersController#index as */*
  Rendering text template
  Rendered text template (0.0ms)
Completed 200 OK in 5ms (Views: 4.8ms | ActiveRecord: 0.0ms)


Started GET "/users" for ::1 at 2020-04-01 19:52:26 -0400
Processing by UsersController#index as */*
  Rendering text template
  Rendered text template (0.0ms)
Completed 200 OK in 1ms (Views: 0.5ms | ActiveRecord: 0.0ms)


Started GET "/users" for ::1 at 2020-04-02 10:49:58 -0400
Processing by UsersController#index as */*
Completed 200 OK in 5ms (Views: 0.9ms | ActiveRecord: 0.0ms)


Started GET "/users" for ::1 at 2020-04-02 11:44:19 -0400
Processing by UsersController#index as */*
Completed 200 OK in 1ms (Views: 0.3ms | ActiveRecord: 0.0ms)


